
========================================
            CUB3D MAP STRUCTURE         
========================================

>>> TEXTURE PATHS <<<
  â–¸ North : ./path_to_the_north_texture
  â–¸ South : ./path_to_the_south_texture
  â–¸ West  : ./path_to_the_west_texture
  â–¸ East  : ./path_to_the_east_texture

>>> COLORS <<<
  â–¸ Floor  : RGB(220, 100,   0) | Hex: 0xDC6400
  â–¸ Ceiling: RGB(225,  30,   0) | Hex: 0xE11E00

>>> MAP DIMENSIONS <<<
  â–¸ Width : 10
  â–¸ Height: 5

>>> PLAYER INFORMATION <<<
  â–¸ Direction: N
  â–¸ Position : (4, 8)

>>> GAME MAP <<<
  1111111111
  1000000001
  1000N00001
  1000000001
  1111111111

========================================

we are good to go

   [33mâ”Œ[0m[33mâ”€[0m[33mâ”€[0m[33mâ”€[0m[33mâ”€[0m[33mâ”€[0m[33mâ”€[0m[33mâ”€[0m[33mâ”€[0m[33mâ”€[0m[33mâ”€[0m[33mâ”€[0m[33mâ”€[0m[33mâ”€[0m[33mâ”€[0m[33mâ”€[0m[33mâ”€[0m[33mâ”€[0m[33mâ”€[0m[33mâ”€[0m[33mâ”€[0m[33mâ”€[0m[33mâ”€[0m[33mâ”€[0m[33mâ”€[0m[33mâ”€[0m[33mâ”€[0m[33mâ”€[0m[33mâ”€[0m[33mâ”€[0m[33mâ”€[0m[33mâ”€[0m[33mâ”€[0m[33mâ”€[0m[33mâ”[0m
   [33mâ”‚[0m                                 [33mâ”‚[0m
   [33mâ”‚[0m   [33mfuncheck[0m -- [1m1.1.5[0m             [33mâ”‚[0m
   [33mâ”‚[0m                                 [33mâ”‚[0m
   [33mâ”‚[0m   - program: [1m./cub3D[0m            [33mâ”‚[0m
   [33mâ”‚[0m                                 [33mâ”‚[0m
   [33mâ”‚[0m   - arguments:                  [33mâ”‚[0m
   [33mâ”‚[0m       * [1mmaps/basic/r_empty_end.cub[0m  [33mâ”‚[0m
   [33mâ””[0m[33mâ”€[0m[33mâ”€[0m[33mâ”€[0m[33mâ”€[0m[33mâ”€[0m[33mâ”€[0m[33mâ”€[0m[33mâ”€[0m[33mâ”€[0m[33mâ”€[0m[33mâ”€[0m[33mâ”€[0m[33mâ”€[0m[33mâ”€[0m[33mâ”€[0m[33mâ”€[0m[33mâ”€[0m[33mâ”€[0m[33mâ”€[0m[33mâ”€[0m[33mâ”€[0m[33mâ”€[0m[33mâ”€[0m[33mâ”€[0m[33mâ”€[0m[33mâ”€[0m[33mâ”€[0m[33mâ”€[0m[33mâ”€[0m[33mâ”€[0m[33mâ”€[0m[33mâ”€[0m[33mâ”€[0m[33mâ”˜[0m

[44m[1m INFO [0m If your program wait for stdin input, you can type here or pipe it.
[33mâ”€â”€â”€â”€â”€â”€â”€â”€â”€â”€â”€â”€â”€ TTY â”€â”€â”€â”€â”€â”€â”€â”€â”€â”€â”€â”€[0m
[33mâ”€â”€â”€â”€â”€â”€â”€â”€â”€â”€â”€â”€â”€â”€â”€â”€â”€â”€â”€â”€â”€â”€â”€â”€â”€â”€â”€â”€â”€â”€[0m
[46m[1m TASK [0m Testable functions fetching [42m[1m âœ“ [0m
[44m[1m INFO [0m Functions detected count: [1m31[0m


[1mFunction tests: [32m31 passed[0m, 31 in total
[1mTime:[0m           10 sec
[1mSuccess rate:[0m   100 %
[0;37mAll tests ran[0m
