
========================================
            CUB3D MAP STRUCTURE         
========================================

>>> TEXTURE PATHS <<<
  â–¸ North : textures/simonkraft/respawn_anchor_side0.xpm
  â–¸ South : textures/simonkraft/respawn_anchor_side4.xpm
  â–¸ West  : textures/simonkraft/respawn_anchor_side3.xpm
  â–¸ East  : textures/simonkraft/respawn_anchor_side2.xpm

>>> COLORS <<<
  â–¸ Floor  : RGB( 15,   6,  40) | Hex: 0x0F0628
  â–¸ Ceiling: RGB( 35,  19,  73) | Hex: 0x231349

>>> MAP DIMENSIONS <<<
  â–¸ Width : 15
  â–¸ Height: 13

>>> PLAYER INFORMATION <<<
  â–¸ Direction: N
  â–¸ Position : (7, 9)

>>> GAME MAP <<<
  111111111111111
  111111000111111
  111110000011111
  1111000N0001111
  111000000000111
  110000000000011
  100001111100001
  110000111000011
  111000010000111
  111100000001111
  111110000011111
  111111000111111
  111111111111111

========================================

we are good to go

   [33mâ”Œ[0m[33mâ”€[0m[33mâ”€[0m[33mâ”€[0m[33mâ”€[0m[33mâ”€[0m[33mâ”€[0m[33mâ”€[0m[33mâ”€[0m[33mâ”€[0m[33mâ”€[0m[33mâ”€[0m[33mâ”€[0m[33mâ”€[0m[33mâ”€[0m[33mâ”€[0m[33mâ”€[0m[33mâ”€[0m[33mâ”€[0m[33mâ”€[0m[33mâ”€[0m[33mâ”€[0m[33mâ”€[0m[33mâ”€[0m[33mâ”€[0m[33mâ”€[0m[33mâ”€[0m[33mâ”€[0m[33mâ”€[0m[33mâ”€[0m[33mâ”€[0m[33mâ”€[0m[33mâ”€[0m[33mâ”€[0m[33mâ”[0m
   [33mâ”‚[0m                                 [33mâ”‚[0m
   [33mâ”‚[0m   [33mfuncheck[0m -- [1m1.1.5[0m             [33mâ”‚[0m
   [33mâ”‚[0m                                 [33mâ”‚[0m
   [33mâ”‚[0m   - program: [1m./cub3D[0m            [33mâ”‚[0m
   [33mâ”‚[0m                                 [33mâ”‚[0m
   [33mâ”‚[0m   - arguments:                  [33mâ”‚[0m
   [33mâ”‚[0m       * [1mmaps/good/r_creepy.cub[0m  [33mâ”‚[0m
   [33mâ””[0m[33mâ”€[0m[33mâ”€[0m[33mâ”€[0m[33mâ”€[0m[33mâ”€[0m[33mâ”€[0m[33mâ”€[0m[33mâ”€[0m[33mâ”€[0m[33mâ”€[0m[33mâ”€[0m[33mâ”€[0m[33mâ”€[0m[33mâ”€[0m[33mâ”€[0m[33mâ”€[0m[33mâ”€[0m[33mâ”€[0m[33mâ”€[0m[33mâ”€[0m[33mâ”€[0m[33mâ”€[0m[33mâ”€[0m[33mâ”€[0m[33mâ”€[0m[33mâ”€[0m[33mâ”€[0m[33mâ”€[0m[33mâ”€[0m[33mâ”€[0m[33mâ”€[0m[33mâ”€[0m[33mâ”€[0m[33mâ”˜[0m

[44m[1m INFO [0m If your program wait for stdin input, you can type here or pipe it.
[33mâ”€â”€â”€â”€â”€â”€â”€â”€â”€â”€â”€â”€â”€ TTY â”€â”€â”€â”€â”€â”€â”€â”€â”€â”€â”€â”€[0m
[33mâ”€â”€â”€â”€â”€â”€â”€â”€â”€â”€â”€â”€â”€â”€â”€â”€â”€â”€â”€â”€â”€â”€â”€â”€â”€â”€â”€â”€â”€â”€[0m
[46m[1m TASK [0m Testable functions fetching [42m[1m âœ“ [0m
[44m[1m INFO [0m Functions detected count: [1m31[0m


[1mFunction tests: [32m31 passed[0m, 31 in total
[1mTime:[0m           20 sec
[1mSuccess rate:[0m   100 %
[0;37mAll tests ran[0m
