
========================================
            CUB3D MAP STRUCTURE         
========================================

>>> TEXTURE PATHS <<<
  â–¸ North : textures/simonkraft/wet_sponge.xpm
  â–¸ South : textures/simonkraft/wet_sponge.xpm
  â–¸ West  : textures/simonkraft/wet_sponge.xpm
  â–¸ East  : textures/simonkraft/wet_sponge.xpm

>>> COLORS <<<
  â–¸ Floor  : RGB(164, 169,  20) | Hex: 0xA4A914
  â–¸ Ceiling: RGB(153, 204, 255) | Hex: 0x99CCFF

>>> MAP DIMENSIONS <<<
  â–¸ Width : 21
  â–¸ Height: 21

>>> PLAYER INFORMATION <<<
  â–¸ Direction: N
  â–¸ Position : (1, 25)

>>> GAME MAP <<<
  111111111111111111111
  101000001000000000001
  101010101011111110001
  100010100010000010001
  111110101111101011101
  100000101000101000001
  101111101011101111111
  101000001010100000101
  101011111010111110101
  101010001010100010101
  101110101010101010101
  100000101010001010001
  111111101011111011101
  100000101000100010001
  101110101110101110111
  101000100000100010101
  101011111111111010101
  100010000000000010001
  101010111011111111101
  1N1000001000000000001
  111111111111111111111

========================================

we are good to go

   [33mâ”Œ[0m[33mâ”€[0m[33mâ”€[0m[33mâ”€[0m[33mâ”€[0m[33mâ”€[0m[33mâ”€[0m[33mâ”€[0m[33mâ”€[0m[33mâ”€[0m[33mâ”€[0m[33mâ”€[0m[33mâ”€[0m[33mâ”€[0m[33mâ”€[0m[33mâ”€[0m[33mâ”€[0m[33mâ”€[0m[33mâ”€[0m[33mâ”€[0m[33mâ”€[0m[33mâ”€[0m[33mâ”€[0m[33mâ”€[0m[33mâ”€[0m[33mâ”€[0m[33mâ”€[0m[33mâ”€[0m[33mâ”€[0m[33mâ”€[0m[33mâ”€[0m[33mâ”€[0m[33mâ”€[0m[33mâ”€[0m[33mâ”[0m
   [33mâ”‚[0m                                 [33mâ”‚[0m
   [33mâ”‚[0m   [33mfuncheck[0m -- [1m1.1.5[0m             [33mâ”‚[0m
   [33mâ”‚[0m                                 [33mâ”‚[0m
   [33mâ”‚[0m   - program: [1m./cub3D[0m            [33mâ”‚[0m
   [33mâ”‚[0m                                 [33mâ”‚[0m
   [33mâ”‚[0m   - arguments:                  [33mâ”‚[0m
   [33mâ”‚[0m       * [1mmaps/good/r_cheese_maze.cub[0m   [33mâ”‚[0m
   [33mâ””[0m[33mâ”€[0m[33mâ”€[0m[33mâ”€[0m[33mâ”€[0m[33mâ”€[0m[33mâ”€[0m[33mâ”€[0m[33mâ”€[0m[33mâ”€[0m[33mâ”€[0m[33mâ”€[0m[33mâ”€[0m[33mâ”€[0m[33mâ”€[0m[33mâ”€[0m[33mâ”€[0m[33mâ”€[0m[33mâ”€[0m[33mâ”€[0m[33mâ”€[0m[33mâ”€[0m[33mâ”€[0m[33mâ”€[0m[33mâ”€[0m[33mâ”€[0m[33mâ”€[0m[33mâ”€[0m[33mâ”€[0m[33mâ”€[0m[33mâ”€[0m[33mâ”€[0m[33mâ”€[0m[33mâ”€[0m[33mâ”˜[0m

[44m[1m INFO [0m If your program wait for stdin input, you can type here or pipe it.
[33mâ”€â”€â”€â”€â”€â”€â”€â”€â”€â”€â”€â”€â”€ TTY â”€â”€â”€â”€â”€â”€â”€â”€â”€â”€â”€â”€[0m
[33mâ”€â”€â”€â”€â”€â”€â”€â”€â”€â”€â”€â”€â”€â”€â”€â”€â”€â”€â”€â”€â”€â”€â”€â”€â”€â”€â”€â”€â”€â”€[0m
[46m[1m TASK [0m Testable functions fetching [42m[1m âœ“ [0m
[44m[1m INFO [0m Functions detected count: [1m31[0m


[1mFunction tests: [32m31 passed[0m, 31 in total
[1mTime:[0m           29 sec
[1mSuccess rate:[0m   100 %
[0;37mAll tests ran[0m
