
========================================
            CUB3D MAP STRUCTURE         
========================================

>>> TEXTURE PATHS <<<
  â–¸ North : textures/simonkraft/bookshelf.xpm
  â–¸ South : textures/simonkraft/bookshelf_01.xpm
  â–¸ West  : textures/simonkraft/bookshelf_02.xpm
  â–¸ East  : textures/simonkraft/bookshelf_03.xpm

>>> COLORS <<<
  â–¸ Floor  : RGB(139,  99,  58) | Hex: 0x8B633A
  â–¸ Ceiling: RGB(171, 154, 137) | Hex: 0xAB9A89

>>> MAP DIMENSIONS <<<
  â–¸ Width : 19
  â–¸ Height: 10

>>> PLAYER INFORMATION <<<
  â–¸ Direction: S
  â–¸ Position : (9, 11)

>>> GAME MAP <<<
  1111111111111111111
  1001001001001001001
  1001001001001001001
  1001001001001001001
  1001001000001001001
  100000000S000000001
  1000011111111000001
  1111000000000001111
  1000000101010000001
  1111111111111111111

========================================

we are good to go

   [33mâ”Œ[0m[33mâ”€[0m[33mâ”€[0m[33mâ”€[0m[33mâ”€[0m[33mâ”€[0m[33mâ”€[0m[33mâ”€[0m[33mâ”€[0m[33mâ”€[0m[33mâ”€[0m[33mâ”€[0m[33mâ”€[0m[33mâ”€[0m[33mâ”€[0m[33mâ”€[0m[33mâ”€[0m[33mâ”€[0m[33mâ”€[0m[33mâ”€[0m[33mâ”€[0m[33mâ”€[0m[33mâ”€[0m[33mâ”€[0m[33mâ”€[0m[33mâ”€[0m[33mâ”€[0m[33mâ”€[0m[33mâ”€[0m[33mâ”€[0m[33mâ”€[0m[33mâ”€[0m[33mâ”€[0m[33mâ”€[0m[33mâ”[0m
   [33mâ”‚[0m                                 [33mâ”‚[0m
   [33mâ”‚[0m   [33mfuncheck[0m -- [1m1.1.5[0m             [33mâ”‚[0m
   [33mâ”‚[0m                                 [33mâ”‚[0m
   [33mâ”‚[0m   - program: [1m./cub3D[0m            [33mâ”‚[0m
   [33mâ”‚[0m                                 [33mâ”‚[0m
   [33mâ”‚[0m   - arguments:                  [33mâ”‚[0m
   [33mâ”‚[0m       * [1mmaps/good/r_library.cub[0m [33mâ”‚[0m
   [33mâ””[0m[33mâ”€[0m[33mâ”€[0m[33mâ”€[0m[33mâ”€[0m[33mâ”€[0m[33mâ”€[0m[33mâ”€[0m[33mâ”€[0m[33mâ”€[0m[33mâ”€[0m[33mâ”€[0m[33mâ”€[0m[33mâ”€[0m[33mâ”€[0m[33mâ”€[0m[33mâ”€[0m[33mâ”€[0m[33mâ”€[0m[33mâ”€[0m[33mâ”€[0m[33mâ”€[0m[33mâ”€[0m[33mâ”€[0m[33mâ”€[0m[33mâ”€[0m[33mâ”€[0m[33mâ”€[0m[33mâ”€[0m[33mâ”€[0m[33mâ”€[0m[33mâ”€[0m[33mâ”€[0m[33mâ”€[0m[33mâ”˜[0m

[44m[1m INFO [0m If your program wait for stdin input, you can type here or pipe it.
[33mâ”€â”€â”€â”€â”€â”€â”€â”€â”€â”€â”€â”€â”€ TTY â”€â”€â”€â”€â”€â”€â”€â”€â”€â”€â”€â”€[0m
[33mâ”€â”€â”€â”€â”€â”€â”€â”€â”€â”€â”€â”€â”€â”€â”€â”€â”€â”€â”€â”€â”€â”€â”€â”€â”€â”€â”€â”€â”€â”€[0m
[46m[1m TASK [0m Testable functions fetching [42m[1m âœ“ [0m
[44m[1m INFO [0m Functions detected count: [1m31[0m


[1mFunction tests: [32m31 passed[0m, 31 in total
[1mTime:[0m           15 sec
[1mSuccess rate:[0m   100 %
[0;37mAll tests ran[0m
