
========================================
            CUB3D MAP STRUCTURE         
========================================

>>> TEXTURE PATHS <<<
  â–¸ North : textures/wolfenstein/grey_stone.xpm
  â–¸ South : textures/wolfenstein/red_brick.xpm
  â–¸ West  : textures/wolfenstein/eagle.xpm 
  â–¸ East  : textures/wolfenstein/mossy.xpm

>>> COLORS <<<
  â–¸ Floor  : RGB( 69, 222, 199) | Hex: 0x45DEC7
  â–¸ Ceiling: RGB(235, 198,  52) | Hex: 0xEBC634

>>> MAP DIMENSIONS <<<
  â–¸ Width : 24
  â–¸ Height: 27

>>> PLAYER INFORMATION <<<
  â–¸ Direction: N
  â–¸ Position : (9, 9)

>>> GAME MAP <<<
  111111111111111111111111
  100000000000000000000001
  100000000000000000000001
  100000000N00000000000001
  100000000000000000000001
  100000000000000000000001
  100000000000000000000001
  100000111110000101010001
  100000100010000000000001
  100000100010000100010001
  100000100010000000000001
  100000111100001010100001
  100000000000000000000001
  100000000000000000000001
  100000000000000000000001
  100000000000000000000001
  100000000000000000000001
  100000000000000000000001
  100000000000000000000001
  111111111000000000000001
  100100001000000000000001
  100000101000000000000001
  100100001000000000000001
  100111111000000000000001
  100000000000000000000001
  100000000000000000000001
  111111111111111111111111

========================================

we are good to go

   [33mâ”Œ[0m[33mâ”€[0m[33mâ”€[0m[33mâ”€[0m[33mâ”€[0m[33mâ”€[0m[33mâ”€[0m[33mâ”€[0m[33mâ”€[0m[33mâ”€[0m[33mâ”€[0m[33mâ”€[0m[33mâ”€[0m[33mâ”€[0m[33mâ”€[0m[33mâ”€[0m[33mâ”€[0m[33mâ”€[0m[33mâ”€[0m[33mâ”€[0m[33mâ”€[0m[33mâ”€[0m[33mâ”€[0m[33mâ”€[0m[33mâ”€[0m[33mâ”€[0m[33mâ”€[0m[33mâ”€[0m[33mâ”€[0m[33mâ”€[0m[33mâ”€[0m[33mâ”€[0m[33mâ”€[0m[33mâ”€[0m[33mâ”[0m
   [33mâ”‚[0m                                 [33mâ”‚[0m
   [33mâ”‚[0m   [33mfuncheck[0m -- [1m1.1.5[0m             [33mâ”‚[0m
   [33mâ”‚[0m                                 [33mâ”‚[0m
   [33mâ”‚[0m   - program: [1m./cub3D[0m            [33mâ”‚[0m
   [33mâ”‚[0m                                 [33mâ”‚[0m
   [33mâ”‚[0m   - arguments:                  [33mâ”‚[0m
   [33mâ”‚[0m       * [1mmaps/good/w_square_map.cub[0m  [33mâ”‚[0m
   [33mâ””[0m[33mâ”€[0m[33mâ”€[0m[33mâ”€[0m[33mâ”€[0m[33mâ”€[0m[33mâ”€[0m[33mâ”€[0m[33mâ”€[0m[33mâ”€[0m[33mâ”€[0m[33mâ”€[0m[33mâ”€[0m[33mâ”€[0m[33mâ”€[0m[33mâ”€[0m[33mâ”€[0m[33mâ”€[0m[33mâ”€[0m[33mâ”€[0m[33mâ”€[0m[33mâ”€[0m[33mâ”€[0m[33mâ”€[0m[33mâ”€[0m[33mâ”€[0m[33mâ”€[0m[33mâ”€[0m[33mâ”€[0m[33mâ”€[0m[33mâ”€[0m[33mâ”€[0m[33mâ”€[0m[33mâ”€[0m[33mâ”˜[0m

[44m[1m INFO [0m If your program wait for stdin input, you can type here or pipe it.
[33mâ”€â”€â”€â”€â”€â”€â”€â”€â”€â”€â”€â”€â”€ TTY â”€â”€â”€â”€â”€â”€â”€â”€â”€â”€â”€â”€[0m
[33mâ”€â”€â”€â”€â”€â”€â”€â”€â”€â”€â”€â”€â”€â”€â”€â”€â”€â”€â”€â”€â”€â”€â”€â”€â”€â”€â”€â”€â”€â”€[0m
[46m[1m TASK [0m Testable functions fetching [42m[1m âœ“ [0m
[44m[1m INFO [0m Functions detected count: [1m31[0m


[1mFunction tests: [32m31 passed[0m, 31 in total
[1mTime:[0m           35 sec
[1mSuccess rate:[0m   100 %
[0;37mAll tests ran[0m
