
========================================
            CUB3D MAP STRUCTURE         
========================================

>>> TEXTURE PATHS <<<
  ▸ North : ./path_to_the_north_texture.xpm
  ▸ South : ./path_to_the_south_texture.xpm
  ▸ West  : ./path_to_the_west_texture.xpm
  ▸ East  : ./path_to_the_east_texture.xpm

>>> COLORS <<<
  ▸ Floor  : RGB(226, 100,   0) | Hex: 0xE26400
  ▸ Ceiling: RGB(225,  30,   0) | Hex: 0xE11E00

>>> MAP DIMENSIONS <<<
  ▸ Width : 10
  ▸ Height: 6

>>> PLAYER INFORMATION <<<
  ▸ Direction: N
  ▸ Position : (2, 10)

>>> GAME MAP <<<
  111111
  100001
  1000011111
  10N0011111
  1000011111
  111111

========================================

we are good to go
